<!DOCTYPE html PUBLIC "-//W3C//DTD XHTML 1.1//EN" "https://www.w3.org/TR/xhtml11/DTD/xhtml11.dtd">
<html xmlns="https://www.w3.org/1999/xhtml">
<head>
<meta http-equiv="content-type" content="text/html; charset=UTF-8"/>
<title>TestNG Report</title>
<style type="text/css">table {margin-bottom:10px;border-collapse:collapse;empty-cells:show}th,td {border:1px solid #009;padding:.25em .5em}th {vertical-align:bottom}td {vertical-align:top}table a {font-weight:bold}.stripe td {background-color: #E6EBF9}.num {text-align:right}.passedodd td {background-color: #3F3}.passedeven td {background-color: #0A0}.skippedodd td {background-color: #DDD}.skippedeven td {background-color: #CCC}.failedodd td,.attn {background-color: #F33}.failedeven td,.stripe .attn {background-color: #D00}.stacktrace {white-space:pre;font-family:monospace}.totop {font-size:85%;text-align:center;border-bottom:2px solid #000}.invisible {display:none}</style>
</head>
<body>
<table>
<tr><th>Test</th><th># Passed</th><th># Skipped</th><th># Retried</th><th># Failed</th><th>Time (ms)</th><th>Included Groups</th><th>Excluded Groups</th></tr>
<tr><th colspan="8">Command line suite</th></tr>
<tr><td><a href="#t0">Command line test</a></td><td class="num">0</td><td class="num">0</td><td class="num">0</td><td class="num attn">5</td><td class="num">32,528</td><td></td><td></td></tr>
</table>
<table id='summary'><thead><tr><th>Class</th><th>Method</th><th>Start</th><th>Time (ms)</th></tr></thead><tbody><tr><th colspan="4">Command line suite</th></tr></tbody><tbody id="t0"><tr><th colspan="4">Command line test &#8212; failed</th></tr><tr class="failedeven"><td rowspan="2">com.nopcommerce.demo.testsuites.ElectronicsTest</td><td><a href="#m0">verifyThatTheProductAddedSuccessfullyAndPlaceOrderSuccessfully</a></td><td rowspan="1">1683423209793</td><td rowspan="1">10024</td></tr><tr class="failedeven"><td><a href="#m1">verifyUserShouldNavigateToCellPhonesPageSuccessfully</a></td><td rowspan="1">1683423223957</td><td rowspan="1">1487</td></tr><tr class="failedodd"><td rowspan="2">com.nopcommerce.demo.testsuites.TestSuite</td><td><a href="#m2">verifyProductAddedToShoppingCartSuccessFully</a></td><td rowspan="1">1683423228799</td><td rowspan="1">203</td></tr><tr class="failedodd"><td><a href="#m3">verifyProductArrangeInAlphaBaticalOrder</a></td><td rowspan="1">1683423232674</td><td rowspan="1">673</td></tr><tr class="failedeven"><td rowspan="1">com.nopcommerce.demo.testsuites.TopMenuTest</td><td><a href="#m4">verifyPageNavigation</a></td><td rowspan="1">1683423236006</td><td rowspan="1">1275</td></tr></tbody>
</table>
<h2>Command line test</h2><h3 id="m0">com.nopcommerce.demo.testsuites.ElectronicsTest#verifyThatTheProductAddedSuccessfullyAndPlaceOrderSuccessfully</h3><table class="result"><tr><th>Exception</th></tr><tr><td><div class="stacktrace">org.openqa.selenium.NoSuchElementException: Unable to find element with locator By.xpath: //ul[@class=&apos;top-menu notmobile&apos;]//a[normalize-space()=&apos;Electronics&apos;]
For documentation on this error, please visit: https://selenium.dev/exceptions/#no_such_element
Build info: version: &apos;4.9.0&apos;, revision: &apos;d7057100a6&apos;
System info: os.name: &apos;Windows 10&apos;, os.arch: &apos;amd64&apos;, os.version: &apos;10.0&apos;, java.version: &apos;1.8.0_121&apos;
Driver info: driver.version: RemoteWebDriver
	at org.openqa.selenium.remote.ElementLocation$ElementFinder$2.findElement(ElementLocation.java:165)
	at org.openqa.selenium.remote.ElementLocation.findElement(ElementLocation.java:60)
	at org.openqa.selenium.remote.RemoteWebDriver.findElement(RemoteWebDriver.java:352)
	at org.openqa.selenium.remote.RemoteWebDriver.findElement(RemoteWebDriver.java:344)
	at com.nopcommerce.demo.utility.Utility.mouseHoverToElement(Utility.java:222)
	at com.nopcommerce.demo.pages.HomePage.mouseHoverToElectronicTab(HomePage.java:73)
	at com.nopcommerce.demo.testsuites.ElectronicsTest.verifyThatTheProductAddedSuccessfullyAndPlaceOrderSuccessfully(ElectronicsTest.java:36)
	at java.util.ArrayList.forEach(ArrayList.java:1249)
... Removed 37 stack frames</div></td></tr></table><p class="totop"><a href="#summary">back to summary</a></p>
<h3 id="m1">com.nopcommerce.demo.testsuites.ElectronicsTest#verifyUserShouldNavigateToCellPhonesPageSuccessfully</h3><table class="result"><tr><th>Exception</th></tr><tr><td><div class="stacktrace">org.openqa.selenium.NoSuchElementException: Unable to find element with locator By.xpath: //ul[@class=&apos;top-menu notmobile&apos;]//a[normalize-space()=&apos;Electronics&apos;]
For documentation on this error, please visit: https://selenium.dev/exceptions/#no_such_element
Build info: version: &apos;4.9.0&apos;, revision: &apos;d7057100a6&apos;
System info: os.name: &apos;Windows 10&apos;, os.arch: &apos;amd64&apos;, os.version: &apos;10.0&apos;, java.version: &apos;1.8.0_121&apos;
Driver info: driver.version: RemoteWebDriver
	at org.openqa.selenium.remote.ElementLocation$ElementFinder$2.findElement(ElementLocation.java:165)
	at org.openqa.selenium.remote.ElementLocation.findElement(ElementLocation.java:60)
	at org.openqa.selenium.remote.RemoteWebDriver.findElement(RemoteWebDriver.java:352)
	at org.openqa.selenium.remote.RemoteWebDriver.findElement(RemoteWebDriver.java:344)
	at com.nopcommerce.demo.utility.Utility.mouseHoverToElement(Utility.java:222)
	at com.nopcommerce.demo.pages.HomePage.mouseHoverToElectronicTab(HomePage.java:73)
	at com.nopcommerce.demo.testsuites.ElectronicsTest.verifyUserShouldNavigateToCellPhonesPageSuccessfully(ElectronicsTest.java:23)
	at java.util.ArrayList.forEach(ArrayList.java:1249)
... Removed 37 stack frames</div></td></tr></table><p class="totop"><a href="#summary">back to summary</a></p>
<h3 id="m2">com.nopcommerce.demo.testsuites.TestSuite#verifyProductAddedToShoppingCartSuccessFully</h3><table class="result"><tr><th>Exception</th></tr><tr><td><div class="stacktrace">org.openqa.selenium.NoSuchElementException: Unable to find element with locator By.xpath: //ul[@class=&apos;top-menu notmobile&apos;]//a[normalize-space()=&apos;Computers&apos;]
For documentation on this error, please visit: https://selenium.dev/exceptions/#no_such_element
Build info: version: &apos;4.9.0&apos;, revision: &apos;d7057100a6&apos;
System info: os.name: &apos;Windows 10&apos;, os.arch: &apos;amd64&apos;, os.version: &apos;10.0&apos;, java.version: &apos;1.8.0_121&apos;
Driver info: driver.version: RemoteWebDriver
	at org.openqa.selenium.remote.ElementLocation$ElementFinder$2.findElement(ElementLocation.java:165)
	at org.openqa.selenium.remote.ElementLocation.findElement(ElementLocation.java:60)
	at org.openqa.selenium.remote.RemoteWebDriver.findElement(RemoteWebDriver.java:352)
	at org.openqa.selenium.remote.RemoteWebDriver.findElement(RemoteWebDriver.java:344)
	at com.nopcommerce.demo.utility.Utility.clickOnElement(Utility.java:45)
	at com.nopcommerce.demo.pages.HomePage.clickOnComputerTab(HomePage.java:27)
	at com.nopcommerce.demo.testsuites.TestSuite.verifyProductAddedToShoppingCartSuccessFully(TestSuite.java:32)
	at java.util.ArrayList.forEach(ArrayList.java:1249)
... Removed 37 stack frames</div></td></tr></table><p class="totop"><a href="#summary">back to summary</a></p>
<h3 id="m3">com.nopcommerce.demo.testsuites.TestSuite#verifyProductArrangeInAlphaBaticalOrder</h3><table class="result"><tr><th>Exception</th></tr><tr><td><div class="stacktrace">org.openqa.selenium.NoSuchElementException: Unable to find element with locator By.xpath: //ul[@class=&apos;top-menu notmobile&apos;]//a[normalize-space()=&apos;Computers&apos;]
For documentation on this error, please visit: https://selenium.dev/exceptions/#no_such_element
Build info: version: &apos;4.9.0&apos;, revision: &apos;d7057100a6&apos;
System info: os.name: &apos;Windows 10&apos;, os.arch: &apos;amd64&apos;, os.version: &apos;10.0&apos;, java.version: &apos;1.8.0_121&apos;
Driver info: driver.version: RemoteWebDriver
	at org.openqa.selenium.remote.ElementLocation$ElementFinder$2.findElement(ElementLocation.java:165)
	at org.openqa.selenium.remote.ElementLocation.findElement(ElementLocation.java:60)
	at org.openqa.selenium.remote.RemoteWebDriver.findElement(RemoteWebDriver.java:352)
	at org.openqa.selenium.remote.RemoteWebDriver.findElement(RemoteWebDriver.java:344)
	at com.nopcommerce.demo.utility.Utility.clickOnElement(Utility.java:45)
	at com.nopcommerce.demo.pages.HomePage.clickOnComputerTab(HomePage.java:27)
	at com.nopcommerce.demo.testsuites.TestSuite.verifyProductArrangeInAlphaBaticalOrder(TestSuite.java:21)
	at java.util.ArrayList.forEach(ArrayList.java:1249)
... Removed 37 stack frames</div></td></tr></table><p class="totop"><a href="#summary">back to summary</a></p>
<h3 id="m4">com.nopcommerce.demo.testsuites.TopMenuTest#verifyPageNavigation</h3><table class="result"><tr><th>Exception</th></tr><tr><td><div class="stacktrace">org.openqa.selenium.NoSuchElementException: Unable to find element with locator By.xpath: //ul[@class=&apos;top-menu notmobile&apos;]//a[normalize-space()=&apos;Electronics&apos;]
For documentation on this error, please visit: https://selenium.dev/exceptions/#no_such_element
Build info: version: &apos;4.9.0&apos;, revision: &apos;d7057100a6&apos;
System info: os.name: &apos;Windows 10&apos;, os.arch: &apos;amd64&apos;, os.version: &apos;10.0&apos;, java.version: &apos;1.8.0_121&apos;
Driver info: driver.version: RemoteWebDriver
	at org.openqa.selenium.remote.ElementLocation$ElementFinder$2.findElement(ElementLocation.java:165)
	at org.openqa.selenium.remote.ElementLocation.findElement(ElementLocation.java:60)
	at org.openqa.selenium.remote.RemoteWebDriver.findElement(RemoteWebDriver.java:352)
	at org.openqa.selenium.remote.RemoteWebDriver.findElement(RemoteWebDriver.java:344)
	at com.nopcommerce.demo.utility.Utility.clickOnElement(Utility.java:45)
	at com.nopcommerce.demo.pages.ElectronicsPage.selectMenu(ElectronicsPage.java:18)
	at com.nopcommerce.demo.testsuites.TopMenuTest.verifyPageNavigation(TopMenuTest.java:19)
	at java.util.ArrayList.forEach(ArrayList.java:1249)
... Removed 37 stack frames</div></td></tr></table><p class="totop"><a href="#summary">back to summary</a></p>
</body>
</html>
